#
# There is insufficient memory for the Java Runtime Environment to continue.
# Native memory allocation (malloc) failed to allocate 264720 bytes. Error detail: Chunk::new
# Possible reasons:
#   The system is out of physical RAM or swap space
#   This process is running with CompressedOops enabled, and the Java Heap may be blocking the growth of the native heap
# Possible solutions:
#   Reduce memory load on the system
#   Increase physical memory or swap space
#   Check if swap backing store is full
#   Decrease Java heap size (-Xmx/-Xms)
#   Decrease number of Java threads
#   Decrease Java thread stack sizes (-Xss)
#   Set larger code cache with -XX:ReservedCodeCacheSize=
#   JVM is running with Unscaled Compressed Oops mode in which the Java heap is
#     placed in the first 4GB address space. The Java Heap base address is the
#     maximum limit for the native heap growth. Please use -XX:HeapBaseMinAddress
#     to set the Java Heap base and to place the Java Heap above 4GB virtual address.
# This output file may be truncated or incomplete.
#
#  Out of Memory Error (arena.cpp:168), pid=15520, tid=28160
#
# JRE version: OpenJDK Runtime Environment JBR-21.0.7+6-1038.58-nomod (21.0.7+6) (build 21.0.7+6-b1038.58)
# Java VM: OpenJDK 64-Bit Server VM JBR-21.0.7+6-1038.58-nomod (21.0.7+6-b1038.58, mixed mode, sharing, tiered, compressed oops, compressed class ptrs, g1 gc, windows-amd64)
# No core dump will be written. Minidumps are not enabled by default on client versions of Windows
#

---------------  S U M M A R Y ------------

Command Line: C:\Users\Admin\AppData\Local\Temp\surefire11696872036533316682\surefirebooter-20251225231846386_3.jar C:\Users\Admin\AppData\Local\Temp\surefire11696872036533316682 2025-12-25T23-18-45_806-jvmRun1 surefire-20251225231846386_1tmp surefire_0-20251225231846386_2tmp

Host: 11th Gen Intel(R) Core(TM) i5-11320H @ 3.20GHz, 8 cores, 7G,  Windows 11 , 64 bit Build 26100 (10.0.26100.7309)
Time: Thu Dec 25 23:18:53 2025 India Standard Time elapsed time: 6.648220 seconds (0d 0h 0m 6s)

---------------  T H R E A D  ---------------

Current thread (0x0000020cfedc1740):  JavaThread "C2 CompilerThread0" daemon [_thread_in_native, id=28160, stack(0x000000daaa700000,0x000000daaa800000) (1024K)]


Current CompileTask:
C2:6648 1321   !   4       java.util.concurrent.ConcurrentHashMap::putVal (432 bytes)

Stack: [0x000000daaa700000,0x000000daaa800000]
Native frames: (J=compiled Java code, j=interpreted, Vv=VM code, C=native code)
V  [jvm.dll+0x6e7c19]  os::win32::platform_print_native_stack+0xd9  (os_windows_x86.cpp:236)
V  [jvm.dll+0x8c5f53]  VMError::report+0xd83  (vmError.cpp:1017)
V  [jvm.dll+0x8c84ae]  VMError::report_and_die+0x5fe  (vmError.cpp:1866)
V  [jvm.dll+0x8c8b93]  VMError::report_and_die+0x43  (vmError.cpp:1636)
V  [jvm.dll+0x2899e6]  report_vm_out_of_memory+0x56  (debug.cpp:225)
V  [jvm.dll+0xc679d]  Chunk::operator new+0x10d  (arena.cpp:168)
V  [jvm.dll+0xc6cd3]  Arena::grow+0x103  (arena.cpp:301)
V  [jvm.dll+0x3c526b]  PhaseIFG::init+0xbb  (ifg.cpp:52)
V  [jvm.dll+0x390e17]  PhaseCFG::global_code_motion+0x447  (gcm.cpp:1592)
V  [jvm.dll+0x39028a]  PhaseCFG::do_global_code_motion+0x3a  (gcm.cpp:1660)
V  [jvm.dll+0x2509b2]  Compile::Code_Gen+0x242  (compile.cpp:2940)
V  [jvm.dll+0x24ff81]  Compile::Compile+0xee1  (compile.cpp:885)
V  [jvm.dll+0x1cd774]  C2Compiler::compile_method+0xd4  (c2compiler.cpp:123)
V  [jvm.dll+0x25f80c]  CompileBroker::invoke_compiler_on_method+0x78c  (compileBroker.cpp:2326)
V  [jvm.dll+0x25dd56]  CompileBroker::compiler_thread_loop+0x3b6  (compileBroker.cpp:1995)
V  [jvm.dll+0x4005d6]  JavaThread::run+0x116  (javaThread.cpp:702)
V  [jvm.dll+0x86dab8]  Thread::call_run+0xc8  (thread.cpp:231)
V  [jvm.dll+0x6e639d]  os::win32::thread_native_entry+0x7d  (os_windows.cpp:557)
C  [ucrtbase.dll+0x37b0]
C  [KERNEL32.DLL+0x2e8d7]
C  [ntdll.dll+0x8c53c]


---------------  P R O C E S S  ---------------

Threads class SMR info:
_java_thread_list=0x0000020cde3d0ac0, length=14, elements={
0x0000020cfb42f3b0, 0x0000020cfeda6880, 0x0000020cfedb1f90, 0x0000020cfedb29f0,
0x0000020cfedb82a0, 0x0000020cfedb92c0, 0x0000020cfedbd520, 0x0000020cfedc3790,
0x0000020cfedc1740, 0x0000020cfedcb370, 0x0000020c96ca4b20, 0x0000020cdd16fcd0,
0x0000020cdd07dfc0, 0x0000020cfedcba40
}

Java Threads: ( => current thread )
  0x0000020cfb42f3b0 JavaThread "main"                              [_thread_in_Java, id=26984, stack(0x000000daa9800000,0x000000daa9900000) (1024K)] _threads_hazard_ptr=0x0000020cde3d0ac0
  0x0000020cfeda6880 JavaThread "Common-Cleaner"             daemon [_thread_blocked, id=18880, stack(0x000000daaa000000,0x000000daaa100000) (1024K)]
  0x0000020cfedb1f90 JavaThread "Reference Handler"          daemon [_thread_blocked, id=11560, stack(0x000000daaa100000,0x000000daaa200000) (1024K)]
  0x0000020cfedb29f0 JavaThread "Finalizer"                  daemon [_thread_blocked, id=20796, stack(0x000000daaa200000,0x000000daaa300000) (1024K)]
  0x0000020cfedb82a0 JavaThread "Signal Dispatcher"          daemon [_thread_blocked, id=12512, stack(0x000000daaa300000,0x000000daaa400000) (1024K)]
  0x0000020cfedb92c0 JavaThread "Attach Listener"            daemon [_thread_blocked, id=27112, stack(0x000000daaa400000,0x000000daaa500000) (1024K)]
  0x0000020cfedbd520 JavaThread "Service Thread"             daemon [_thread_blocked, id=30220, stack(0x000000daaa500000,0x000000daaa600000) (1024K)]
  0x0000020cfedc3790 JavaThread "Monitor Deflation Thread"   daemon [_thread_blocked, id=26384, stack(0x000000daaa600000,0x000000daaa700000) (1024K)]
=>0x0000020cfedc1740 JavaThread "C2 CompilerThread0"         daemon [_thread_in_native, id=28160, stack(0x000000daaa700000,0x000000daaa800000) (1024K)]
  0x0000020cfedcb370 JavaThread "C1 CompilerThread0"         daemon [_thread_in_native, id=15244, stack(0x000000daaa800000,0x000000daaa900000) (1024K)]
  0x0000020c96ca4b20 JavaThread "Notification Thread"        daemon [_thread_blocked, id=24764, stack(0x000000daaa900000,0x000000daaaa00000) (1024K)]
  0x0000020cdd16fcd0 JavaThread "surefire-forkedjvm-stream-flusher" daemon [_thread_blocked, id=29004, stack(0x000000daaaa00000,0x000000daaab00000) (1024K)]
  0x0000020cdd07dfc0 JavaThread "surefire-forkedjvm-command-thread" daemon [_thread_in_native, id=7556, stack(0x000000daaab00000,0x000000daaac00000) (1024K)]
  0x0000020cfedcba40 JavaThread "C2 CompilerThread1"         daemon [_thread_blocked, id=20984, stack(0x000000daab300000,0x000000daab400000) (1024K)]
Total: 14

Other Threads:
  0x0000020cfed90ed0 VMThread "VM Thread"                           [id=23508, stack(0x000000daa9f00000,0x000000daaa000000) (1024K)]
  0x0000020cfed7fa80 WatcherThread "VM Periodic Task Thread"        [id=29872, stack(0x000000daa9e00000,0x000000daa9f00000) (1024K)]
  0x0000020cfd82ab00 WorkerThread "GC Thread#0"                     [id=3252, stack(0x000000daa9900000,0x000000daa9a00000) (1024K)]
  0x0000020cdd8f7eb0 WorkerThread "GC Thread#1"                     [id=22544, stack(0x000000daaac00000,0x000000daaad00000) (1024K)]
  0x0000020cddbb28b0 WorkerThread "GC Thread#2"                     [id=2916, stack(0x000000daaad00000,0x000000daaae00000) (1024K)]
  0x0000020cddba6ea0 WorkerThread "GC Thread#3"                     [id=9812, stack(0x000000daaae00000,0x000000daaaf00000) (1024K)]
  0x0000020cddba7240 WorkerThread "GC Thread#4"                     [id=23748, stack(0x000000daaaf00000,0x000000daab000000) (1024K)]
  0x0000020cddba75e0 WorkerThread "GC Thread#5"                     [id=28532, stack(0x000000daab000000,0x000000daab100000) (1024K)]
  0x0000020cddba7980 WorkerThread "GC Thread#6"                     [id=24636, stack(0x000000daab100000,0x000000daab200000) (1024K)]
  0x0000020cddba7d20 WorkerThread "GC Thread#7"                     [id=30000, stack(0x000000daab200000,0x000000daab300000) (1024K)]
  0x0000020cfd83b1f0 ConcurrentGCThread "G1 Main Marker"            [id=29676, stack(0x000000daa9a00000,0x000000daa9b00000) (1024K)]
  0x0000020cfd83c410 WorkerThread "G1 Conc#0"                       [id=15308, stack(0x000000daa9b00000,0x000000daa9c00000) (1024K)]
  0x0000020cfec4e140 ConcurrentGCThread "G1 Refine#0"               [id=13476, stack(0x000000daa9c00000,0x000000daa9d00000) (1024K)]
  0x0000020cfec50970 ConcurrentGCThread "G1 Service"                [id=27384, stack(0x000000daa9d00000,0x000000daa9e00000) (1024K)]
Total: 14

Threads with active compile tasks:
C2 CompilerThread0  17122 1321   !   4       java.util.concurrent.ConcurrentHashMap::putVal (432 bytes)
C1 CompilerThread0  17122 1468       3       java.lang.invoke.InvokerBytecodeGenerator::emitPushArgument (150 bytes)
Total: 2

VM state: not at safepoint (normal execution)

VM Mutex/Monitor currently owned by a thread: None

Heap address: 0x0000000084000000, size: 1984 MB, Compressed Oops mode: 32-bit

CDS archive(s) mapped at: [0x0000020c97000000-0x0000020c98bf0000-0x0000020c98bf0000), size 29294592, SharedBaseAddress: 0x0000020c97000000, ArchiveRelocationMode: 1.
Compressed class space mapped at: 0x0000020c99000000-0x0000020cd9000000, reserved size: 1073741824
Narrow klass base: 0x0000020c97000000, Narrow klass shift: 0, Narrow klass range: 0x100000000

GC Precious Log:
 CardTable entry size: 512
 Card Set container configuration: InlinePtr #cards 5 size 8 Array Of Cards #cards 12 size 40 Howl #buckets 4 coarsen threshold 1843 Howl Bitmap #cards 512 size 80 coarsen threshold 460 Card regions per heap region 1 cards per card region 2048
 CPUs: 8 total, 8 available
 Memory: 7934M
 Large Page Support: Disabled
 NUMA Support: Disabled
 Compressed Oops: Enabled (32-bit)
 Heap Region Size: 1M
 Heap Min Capacity: 8M
 Heap Initial Capacity: 124M
 Heap Max Capacity: 1984M
 Pre-touch: Disabled
 Parallel Workers: 8
 Concurrent Workers: 2
 Concurrent Refinement Workers: 8
 Periodic GC: Disabled

Heap:
 garbage-first heap   total 126976K, used 20224K [0x0000000084000000, 0x0000000100000000)
  region size 1024K, 14 young (14336K), 3 survivors (3072K)
 Metaspace       used 5853K, committed 6080K, reserved 1114112K
  class space    used 722K, committed 832K, reserved 1048576K

Heap Regions: E=young(eden), S=young(survivor), O=old, HS=humongous(starts), HC=humongous(continues), CS=collection set, F=free, TAMS=top-at-mark-start, PB=parsable bottom
|   0|0x0000000084000000, 0x0000000084100000, 0x0000000084100000|100%|HS|  |TAMS 0x0000000084000000| PB 0x0000000084000000| Complete 
|   1|0x0000000084100000, 0x0000000084100000, 0x0000000084200000|  0%| F|  |TAMS 0x0000000084100000| PB 0x0000000084100000| Untracked 
|   2|0x0000000084200000, 0x0000000084300000, 0x0000000084300000|100%|HS|  |TAMS 0x0000000084200000| PB 0x0000000084200000| Complete 
|   3|0x0000000084300000, 0x0000000084400000, 0x0000000084400000|100%| O|  |TAMS 0x0000000084300000| PB 0x0000000084300000| Untracked 
|   4|0x0000000084400000, 0x0000000084500000, 0x0000000084500000|100%| O|  |TAMS 0x0000000084400000| PB 0x0000000084400000| Untracked 
|   5|0x0000000084500000, 0x0000000084600000, 0x0000000084600000|100%| O|  |TAMS 0x0000000084500000| PB 0x0000000084500000| Untracked 
|   6|0x0000000084600000, 0x0000000084700000, 0x0000000084700000|100%| O|  |TAMS 0x0000000084600000| PB 0x0000000084600000| Untracked 
|   7|0x0000000084700000, 0x00000000847c0000, 0x0000000084800000| 75%| O|  |TAMS 0x0000000084700000| PB 0x0000000084700000| Untracked 
|   8|0x0000000084800000, 0x0000000084800000, 0x0000000084900000|  0%| F|  |TAMS 0x0000000084800000| PB 0x0000000084800000| Untracked 
|   9|0x0000000084900000, 0x0000000084900000, 0x0000000084a00000|  0%| F|  |TAMS 0x0000000084900000| PB 0x0000000084900000| Untracked 
|  10|0x0000000084a00000, 0x0000000084a00000, 0x0000000084b00000|  0%| F|  |TAMS 0x0000000084a00000| PB 0x0000000084a00000| Untracked 
|  11|0x0000000084b00000, 0x0000000084b00000, 0x0000000084c00000|  0%| F|  |TAMS 0x0000000084b00000| PB 0x0000000084b00000| Untracked 
|  12|0x0000000084c00000, 0x0000000084c00000, 0x0000000084d00000|  0%| F|  |TAMS 0x0000000084c00000| PB 0x0000000084c00000| Untracked 
|  13|0x0000000084d00000, 0x0000000084d00000, 0x0000000084e00000|  0%| F|  |TAMS 0x0000000084d00000| PB 0x0000000084d00000| Untracked 
|  14|0x0000000084e00000, 0x0000000084e00000, 0x0000000084f00000|  0%| F|  |TAMS 0x0000000084e00000| PB 0x0000000084e00000| Untracked 
|  15|0x0000000084f00000, 0x0000000084f00000, 0x0000000085000000|  0%| F|  |TAMS 0x0000000084f00000| PB 0x0000000084f00000| Untracked 
|  16|0x0000000085000000, 0x0000000085000000, 0x0000000085100000|  0%| F|  |TAMS 0x0000000085000000| PB 0x0000000085000000| Untracked 
|  17|0x0000000085100000, 0x0000000085100000, 0x0000000085200000|  0%| F|  |TAMS 0x0000000085100000| PB 0x0000000085100000| Untracked 
|  18|0x0000000085200000, 0x0000000085200000, 0x0000000085300000|  0%| F|  |TAMS 0x0000000085200000| PB 0x0000000085200000| Untracked 
|  19|0x0000000085300000, 0x0000000085300000, 0x0000000085400000|  0%| F|  |TAMS 0x0000000085300000| PB 0x0000000085300000| Untracked 
|  20|0x0000000085400000, 0x0000000085400000, 0x0000000085500000|  0%| F|  |TAMS 0x0000000085400000| PB 0x0000000085400000| Untracked 
|  21|0x0000000085500000, 0x0000000085500000, 0x0000000085600000|  0%| F|  |TAMS 0x0000000085500000| PB 0x0000000085500000| Untracked 
|  22|0x0000000085600000, 0x0000000085600000, 0x0000000085700000|  0%| F|  |TAMS 0x0000000085600000| PB 0x0000000085600000| Untracked 
|  23|0x0000000085700000, 0x0000000085700000, 0x0000000085800000|  0%| F|  |TAMS 0x0000000085700000| PB 0x0000000085700000| Untracked 
|  24|0x0000000085800000, 0x0000000085800000, 0x0000000085900000|  0%| F|  |TAMS 0x0000000085800000| PB 0x0000000085800000| Untracked 
|  25|0x0000000085900000, 0x0000000085900000, 0x0000000085a00000|  0%| F|  |TAMS 0x0000000085900000| PB 0x0000000085900000| Untracked 
|  26|0x0000000085a00000, 0x0000000085a00000, 0x0000000085b00000|  0%| F|  |TAMS 0x0000000085a00000| PB 0x0000000085a00000| Untracked 
|  27|0x0000000085b00000, 0x0000000085b00000, 0x0000000085c00000|  0%| F|  |TAMS 0x0000000085b00000| PB 0x0000000085b00000| Untracked 
|  28|0x0000000085c00000, 0x0000000085c00000, 0x0000000085d00000|  0%| F|  |TAMS 0x0000000085c00000| PB 0x0000000085c00000| Untracked 
|  29|0x0000000085d00000, 0x0000000085d00000, 0x0000000085e00000|  0%| F|  |TAMS 0x0000000085d00000| PB 0x0000000085d00000| Untracked 
|  30|0x0000000085e00000, 0x0000000085e00000, 0x0000000085f00000|  0%| F|  |TAMS 0x0000000085e00000| PB 0x0000000085e00000| Untracked 
|  31|0x0000000085f00000, 0x0000000085f00000, 0x0000000086000000|  0%| F|  |TAMS 0x0000000085f00000| PB 0x0000000085f00000| Untracked 
|  32|0x0000000086000000, 0x0000000086000000, 0x0000000086100000|  0%| F|  |TAMS 0x0000000086000000| PB 0x0000000086000000| Untracked 
|  33|0x0000000086100000, 0x0000000086100000, 0x0000000086200000|  0%| F|  |TAMS 0x0000000086100000| PB 0x0000000086100000| Untracked 
|  34|0x0000000086200000, 0x0000000086200000, 0x0000000086300000|  0%| F|  |TAMS 0x0000000086200000| PB 0x0000000086200000| Untracked 
|  35|0x0000000086300000, 0x0000000086300000, 0x0000000086400000|  0%| F|  |TAMS 0x0000000086300000| PB 0x0000000086300000| Untracked 
|  36|0x0000000086400000, 0x0000000086400000, 0x0000000086500000|  0%| F|  |TAMS 0x0000000086400000| PB 0x0000000086400000| Untracked 
|  37|0x0000000086500000, 0x0000000086500000, 0x0000000086600000|  0%| F|  |TAMS 0x0000000086500000| PB 0x0000000086500000| Untracked 
|  38|0x0000000086600000, 0x0000000086600000, 0x0000000086700000|  0%| F|  |TAMS 0x0000000086600000| PB 0x0000000086600000| Untracked 
|  39|0x0000000086700000, 0x0000000086700000, 0x0000000086800000|  0%| F|  |TAMS 0x0000000086700000| PB 0x0000000086700000| Untracked 
|  40|0x0000000086800000, 0x0000000086800000, 0x0000000086900000|  0%| F|  |TAMS 0x0000000086800000| PB 0x0000000086800000| Untracked 
|  41|0x0000000086900000, 0x0000000086900000, 0x0000000086a00000|  0%| F|  |TAMS 0x0000000086900000| PB 0x0000000086900000| Untracked 
|  42|0x0000000086a00000, 0x0000000086a00000, 0x0000000086b00000|  0%| F|  |TAMS 0x0000000086a00000| PB 0x0000000086a00000| Untracked 
|  43|0x0000000086b00000, 0x0000000086b00000, 0x0000000086c00000|  0%| F|  |TAMS 0x0000000086b00000| PB 0x0000000086b00000| Untracked 
|  44|0x0000000086c00000, 0x0000000086c00000, 0x0000000086d00000|  0%| F|  |TAMS 0x0000000086c00000| PB 0x0000000086c00000| Untracked 
|  45|0x0000000086d00000, 0x0000000086d00000, 0x0000000086e00000|  0%| F|  |TAMS 0x0000000086d00000| PB 0x0000000086d00000| Untracked 
|  46|0x0000000086e00000, 0x0000000086e00000, 0x0000000086f00000|  0%| F|  |TAMS 0x0000000086e00000| PB 0x0000000086e00000| Untracked 
|  47|0x0000000086f00000, 0x0000000086f00000, 0x0000000087000000|  0%| F|  |TAMS 0x0000000086f00000| PB 0x0000000086f00000| Untracked 
|  48|0x0000000087000000, 0x0000000087000000, 0x0000000087100000|  0%| F|  |TAMS 0x0000000087000000| PB 0x0000000087000000| Untracked 
|  49|0x0000000087100000, 0x0000000087100000, 0x0000000087200000|  0%| F|  |TAMS 0x0000000087100000| PB 0x0000000087100000| Untracked 
|  50|0x0000000087200000, 0x0000000087200000, 0x0000000087300000|  0%| F|  |TAMS 0x0000000087200000| PB 0x0000000087200000| Untracked 
|  51|0x0000000087300000, 0x0000000087300000, 0x0000000087400000|  0%| F|  |TAMS 0x0000000087300000| PB 0x0000000087300000| Untracked 
|  52|0x0000000087400000, 0x0000000087400000, 0x0000000087500000|  0%| F|  |TAMS 0x0000000087400000| PB 0x0000000087400000| Untracked 
|  53|0x0000000087500000, 0x0000000087500000, 0x0000000087600000|  0%| F|  |TAMS 0x0000000087500000| PB 0x0000000087500000| Untracked 
|  54|0x0000000087600000, 0x0000000087600000, 0x0000000087700000|  0%| F|  |TAMS 0x0000000087600000| PB 0x0000000087600000| Untracked 
|  55|0x0000000087700000, 0x0000000087700000, 0x0000000087800000|  0%| F|  |TAMS 0x0000000087700000| PB 0x0000000087700000| Untracked 
|  56|0x0000000087800000, 0x0000000087800000, 0x0000000087900000|  0%| F|  |TAMS 0x0000000087800000| PB 0x0000000087800000| Untracked 
|  57|0x0000000087900000, 0x0000000087900000, 0x0000000087a00000|  0%| F|  |TAMS 0x0000000087900000| PB 0x0000000087900000| Untracked 
|  58|0x0000000087a00000, 0x0000000087a00000, 0x0000000087b00000|  0%| F|  |TAMS 0x0000000087a00000| PB 0x0000000087a00000| Untracked 
|  59|0x0000000087b00000, 0x0000000087b00000, 0x0000000087c00000|  0%| F|  |TAMS 0x0000000087b00000| PB 0x0000000087b00000| Untracked 
|  60|0x0000000087c00000, 0x0000000087c00000, 0x0000000087d00000|  0%| F|  |TAMS 0x0000000087c00000| PB 0x0000000087c00000| Untracked 
|  61|0x0000000087d00000, 0x0000000087d00000, 0x0000000087e00000|  0%| F|  |TAMS 0x0000000087d00000| PB 0x0000000087d00000| Untracked 
|  62|0x0000000087e00000, 0x0000000087e00000, 0x0000000087f00000|  0%| F|  |TAMS 0x0000000087e00000| PB 0x0000000087e00000| Untracked 
|  63|0x0000000087f00000, 0x0000000087f00000, 0x0000000088000000|  0%| F|  |TAMS 0x0000000087f00000| PB 0x0000000087f00000| Untracked 
|  64|0x0000000088000000, 0x0000000088000000, 0x0000000088100000|  0%| F|  |TAMS 0x0000000088000000| PB 0x0000000088000000| Untracked 
|  65|0x0000000088100000, 0x0000000088100000, 0x0000000088200000|  0%| F|  |TAMS 0x0000000088100000| PB 0x0000000088100000| Untracked 
|  66|0x0000000088200000, 0x0000000088200000, 0x0000000088300000|  0%| F|  |TAMS 0x0000000088200000| PB 0x0000000088200000| Untracked 
|  67|0x0000000088300000, 0x0000000088300000, 0x0000000088400000|  0%| F|  |TAMS 0x0000000088300000| PB 0x0000000088300000| Untracked 
|  68|0x0000000088400000, 0x0000000088400000, 0x0000000088500000|  0%| F|  |TAMS 0x0000000088400000| PB 0x0000000088400000| Untracked 
|  69|0x0000000088500000, 0x0000000088500000, 0x0000000088600000|  0%| F|  |TAMS 0x0000000088500000| PB 0x0000000088500000| Untracked 
|  70|0x0000000088600000, 0x0000000088600000, 0x0000000088700000|  0%| F|  |TAMS 0x0000000088600000| PB 0x0000000088600000| Untracked 
|  71|0x0000000088700000, 0x0000000088700000, 0x0000000088800000|  0%| F|  |TAMS 0x0000000088700000| PB 0x0000000088700000| Untracked 
|  72|0x0000000088800000, 0x0000000088800000, 0x0000000088900000|  0%| F|  |TAMS 0x0000000088800000| PB 0x0000000088800000| Untracked 
|  73|0x0000000088900000, 0x0000000088900000, 0x0000000088a00000|  0%| F|  |TAMS 0x0000000088900000| PB 0x0000000088900000| Untracked 
|  74|0x0000000088a00000, 0x0000000088a00000, 0x0000000088b00000|  0%| F|  |TAMS 0x0000000088a00000| PB 0x0000000088a00000| Untracked 
|  75|0x0000000088b00000, 0x0000000088b00000, 0x0000000088c00000|  0%| F|  |TAMS 0x0000000088b00000| PB 0x0000000088b00000| Untracked 
|  76|0x0000000088c00000, 0x0000000088c00000, 0x0000000088d00000|  0%| F|  |TAMS 0x0000000088c00000| PB 0x0000000088c00000| Untracked 
|  77|0x0000000088d00000, 0x0000000088d00000, 0x0000000088e00000|  0%| F|  |TAMS 0x0000000088d00000| PB 0x0000000088d00000| Untracked 
|  78|0x0000000088e00000, 0x0000000088e00000, 0x0000000088f00000|  0%| F|  |TAMS 0x0000000088e00000| PB 0x0000000088e00000| Untracked 
|  79|0x0000000088f00000, 0x0000000088f00000, 0x0000000089000000|  0%| F|  |TAMS 0x0000000088f00000| PB 0x0000000088f00000| Untracked 
|  80|0x0000000089000000, 0x0000000089000000, 0x0000000089100000|  0%| F|  |TAMS 0x0000000089000000| PB 0x0000000089000000| Untracked 
|  81|0x0000000089100000, 0x0000000089100000, 0x0000000089200000|  0%| F|  |TAMS 0x0000000089100000| PB 0x0000000089100000| Untracked 
|  82|0x0000000089200000, 0x0000000089200000, 0x0000000089300000|  0%| F|  |TAMS 0x0000000089200000| PB 0x0000000089200000| Untracked 
|  83|0x0000000089300000, 0x0000000089300000, 0x0000000089400000|  0%| F|  |TAMS 0x0000000089300000| PB 0x0000000089300000| Untracked 
|  84|0x0000000089400000, 0x0000000089400000, 0x0000000089500000|  0%| F|  |TAMS 0x0000000089400000| PB 0x0000000089400000| Untracked 
|  85|0x0000000089500000, 0x0000000089500000, 0x0000000089600000|  0%| F|  |TAMS 0x0000000089500000| PB 0x0000000089500000| Untracked 
|  86|0x0000000089600000, 0x0000000089600000, 0x0000000089700000|  0%| F|  |TAMS 0x0000000089600000| PB 0x0000000089600000| Untracked 
|  87|0x0000000089700000, 0x0000000089700000, 0x0000000089800000|  0%| F|  |TAMS 0x0000000089700000| PB 0x0000000089700000| Untracked 
|  88|0x0000000089800000, 0x0000000089800000, 0x0000000089900000|  0%| F|  |TAMS 0x0000000089800000| PB 0x0000000089800000| Untracked 
|  89|0x0000000089900000, 0x0000000089900000, 0x0000000089a00000|  0%| F|  |TAMS 0x0000000089900000| PB 0x0000000089900000| Untracked 
|  90|0x0000000089a00000, 0x0000000089a00000, 0x0000000089b00000|  0%| F|  |TAMS 0x0000000089a00000| PB 0x0000000089a00000| Untracked 
|  91|0x0000000089b00000, 0x0000000089b00000, 0x0000000089c00000|  0%| F|  |TAMS 0x0000000089b00000| PB 0x0000000089b00000| Untracked 
|  92|0x0000000089c00000, 0x0000000089c00000, 0x0000000089d00000|  0%| F|  |TAMS 0x0000000089c00000| PB 0x0000000089c00000| Untracked 
|  93|0x0000000089d00000, 0x0000000089d00000, 0x0000000089e00000|  0%| F|  |TAMS 0x0000000089d00000| PB 0x0000000089d00000| Untracked 
|  94|0x0000000089e00000, 0x0000000089e00000, 0x0000000089f00000|  0%| F|  |TAMS 0x0000000089e00000| PB 0x0000000089e00000| Untracked 
|  95|0x0000000089f00000, 0x0000000089f00000, 0x000000008a000000|  0%| F|  |TAMS 0x0000000089f00000| PB 0x0000000089f00000| Untracked 
|  96|0x000000008a000000, 0x000000008a000000, 0x000000008a100000|  0%| F|  |TAMS 0x000000008a000000| PB 0x000000008a000000| Untracked 
|  97|0x000000008a100000, 0x000000008a100000, 0x000000008a200000|  0%| F|  |TAMS 0x000000008a100000| PB 0x000000008a100000| Untracked 
|  98|0x000000008a200000, 0x000000008a300000, 0x000000008a300000|100%| S|CS|TAMS 0x000000008a200000| PB 0x000000008a200000| Complete 
|  99|0x000000008a300000, 0x000000008a400000, 0x000000008a400000|100%| S|CS|TAMS 0x000000008a300000| PB 0x000000008a300000| Complete 
| 100|0x000000008a400000, 0x000000008a500000, 0x000000008a500000|100%| S|CS|TAMS 0x000000008a400000| PB 0x000000008a400000| Complete 
| 101|0x000000008a500000, 0x000000008a500000, 0x000000008a600000|  0%| F|  |TAMS 0x000000008a500000| PB 0x000000008a500000| Untracked 
| 102|0x000000008a600000, 0x000000008a600000, 0x000000008a700000|  0%| F|  |TAMS 0x000000008a600000| PB 0x000000008a600000| Untracked 
| 103|0x000000008a700000, 0x000000008a700000, 0x000000008a800000|  0%| F|  |TAMS 0x000000008a700000| PB 0x000000008a700000| Untracked 
| 104|0x000000008a800000, 0x000000008a800000, 0x000000008a900000|  0%| F|  |TAMS 0x000000008a800000| PB 0x000000008a800000| Untracked 
| 105|0x000000008a900000, 0x000000008a900000, 0x000000008aa00000|  0%| F|  |TAMS 0x000000008a900000| PB 0x000000008a900000| Untracked 
| 106|0x000000008aa00000, 0x000000008aa00000, 0x000000008ab00000|  0%| F|  |TAMS 0x000000008aa00000| PB 0x000000008aa00000| Untracked 
| 107|0x000000008ab00000, 0x000000008ab00000, 0x000000008ac00000|  0%| F|  |TAMS 0x000000008ab00000| PB 0x000000008ab00000| Untracked 
| 108|0x000000008ac00000, 0x000000008ac00000, 0x000000008ad00000|  0%| F|  |TAMS 0x000000008ac00000| PB 0x000000008ac00000| Untracked 
| 109|0x000000008ad00000, 0x000000008ad00000, 0x000000008ae00000|  0%| F|  |TAMS 0x000000008ad00000| PB 0x000000008ad00000| Untracked 
| 110|0x000000008ae00000, 0x000000008ae00000, 0x000000008af00000|  0%| F|  |TAMS 0x000000008ae00000| PB 0x000000008ae00000| Untracked 
| 111|0x000000008af00000, 0x000000008af00000, 0x000000008b000000|  0%| F|  |TAMS 0x000000008af00000| PB 0x000000008af00000| Untracked 
| 112|0x000000008b000000, 0x000000008b000000, 0x000000008b100000|  0%| F|  |TAMS 0x000000008b000000| PB 0x000000008b000000| Untracked 
| 113|0x000000008b100000, 0x000000008b1ca0e0, 0x000000008b200000| 78%| E|  |TAMS 0x000000008b100000| PB 0x000000008b100000| Complete 
| 114|0x000000008b200000, 0x000000008b300000, 0x000000008b300000|100%| E|CS|TAMS 0x000000008b200000| PB 0x000000008b200000| Complete 
| 115|0x000000008b300000, 0x000000008b400000, 0x000000008b400000|100%| E|CS|TAMS 0x000000008b300000| PB 0x000000008b300000| Complete 
| 116|0x000000008b400000, 0x000000008b500000, 0x000000008b500000|100%| E|CS|TAMS 0x000000008b400000| PB 0x000000008b400000| Complete 
| 117|0x000000008b500000, 0x000000008b600000, 0x000000008b600000|100%| E|CS|TAMS 0x000000008b500000| PB 0x000000008b500000| Complete 
| 118|0x000000008b600000, 0x000000008b700000, 0x000000008b700000|100%| E|CS|TAMS 0x000000008b600000| PB 0x000000008b600000| Complete 
| 119|0x000000008b700000, 0x000000008b800000, 0x000000008b800000|100%| E|CS|TAMS 0x000000008b700000| PB 0x000000008b700000| Complete 
| 120|0x000000008b800000, 0x000000008b900000, 0x000000008b900000|100%| E|CS|TAMS 0x000000008b800000| PB 0x000000008b800000| Complete 
| 121|0x000000008b900000, 0x000000008ba00000, 0x000000008ba00000|100%| E|CS|TAMS 0x000000008b900000| PB 0x000000008b900000| Complete 
| 122|0x000000008ba00000, 0x000000008bb00000, 0x000000008bb00000|100%| E|CS|TAMS 0x000000008ba00000| PB 0x000000008ba00000| Complete 
| 123|0x000000008bb00000, 0x000000008bc00000, 0x000000008bc00000|100%| E|CS|TAMS 0x000000008bb00000| PB 0x000000008bb00000| Complete 

Card table byte_map: [0x0000020cfdfb0000,0x0000020cfe390000] _byte_map_base: 0x0000020cfdb90000

Marking Bits: (CMBitMap*) 0x0000020cfd82b110
 Bits: [0x0000020c92b50000, 0x0000020c94a50000)

Polling page: 0x0000020cfb9b0000

Metaspace:

Usage:
  Non-class:      5.04 MB used.
      Class:    726.96 KB used.
       Both:      5.75 MB used.

Virtual space:
  Non-class space:       64.00 MB reserved,       5.12 MB (  8%) committed,  1 nodes.
      Class space:        1.00 GB reserved,     832.00 KB ( <1%) committed,  1 nodes.
             Both:        1.06 GB reserved,       5.94 MB ( <1%) committed. 

Chunk freelists:
   Non-Class:  8.50 MB
       Class:  15.10 MB
        Both:  23.60 MB

MaxMetaspaceSize: unlimited
CompressedClassSpaceSize: 1.00 GB
Initial GC threshold: 21.00 MB
Current GC threshold: 21.00 MB
CDS: on
 - commit_granule_bytes: 65536.
 - commit_granule_words: 8192.
 - virtual_space_node_default_size: 8388608.
 - enlarge_chunks_in_place: 1.
 - use_allocation_guard: 0.


Internal statistics:

num_allocs_failed_limit: 0.
num_arena_births: 110.
num_arena_deaths: 0.
num_vsnodes_births: 2.
num_vsnodes_deaths: 0.
num_space_committed: 95.
num_space_uncommitted: 0.
num_chunks_returned_to_freelist: 0.
num_chunks_taken_from_freelist: 362.
num_chunk_merges: 0.
num_chunk_splits: 204.
num_chunks_enlarged: 127.
num_inconsistent_stats: 0.

CodeHeap 'non-profiled nmethods': size=120000Kb used=550Kb max_used=550Kb free=119450Kb
 bounds [0x0000020c8b620000, 0x0000020c8b890000, 0x0000020c92b50000]
CodeHeap 'profiled nmethods': size=120000Kb used=2792Kb max_used=2792Kb free=117207Kb
 bounds [0x0000020c83b50000, 0x0000020c83e10000, 0x0000020c8b080000]
CodeHeap 'non-nmethods': size=5760Kb used=1503Kb max_used=1508Kb free=4256Kb
 bounds [0x0000020c8b080000, 0x0000020c8b2f0000, 0x0000020c8b620000]
 total_blobs=1954 nmethods=1483 adapters=376
 compilation: enabled
              stopped_count=0, restarted_count=0
 full_count=0

Compilation events (20 events):
Event: 3.569 Thread 0x0000020cfedc1740 1317       4       jdk.internal.misc.Blocker::end (71 bytes)
Event: 3.569 Thread 0x0000020cfedc1740 nmethod 1317 0x0000020c8b698490 code [0x0000020c8b698620, 0x0000020c8b6986b8]
Event: 3.575 Thread 0x0000020cfedc1740 1318       4       java.util.jar.JarFile::getVersionedEntry (133 bytes)
Event: 3.576 Thread 0x0000020cfedcb370 1319       1       java.lang.Boolean::booleanValue (5 bytes)
Event: 3.577 Thread 0x0000020cfedcb370 nmethod 1319 0x0000020c8b698790 code [0x0000020c8b698920, 0x0000020c8b6989f0]
Event: 4.622 Thread 0x0000020cfedcb370 1322       3       java.lang.Module::canRead (86 bytes)
Event: 4.623 Thread 0x0000020cfedc1740 nmethod 1318 0x0000020c8b698a90 code [0x0000020c8b698d60, 0x0000020c8b69a900]
Event: 4.624 Thread 0x0000020cfedc1740 1321   !   4       java.util.concurrent.ConcurrentHashMap::putVal (432 bytes)
Event: 4.625 Thread 0x0000020cfedcb370 nmethod 1322 0x0000020c83db0990 code [0x0000020c83db0d80, 0x0000020c83db27f8]
Event: 4.625 Thread 0x0000020cfedcb370 1323       3       java.lang.invoke.MethodHandles$Lookup::lookupClassProtectionDomain (29 bytes)
Event: 4.625 Thread 0x0000020cfedcb370 nmethod 1323 0x0000020c83db2e90 code [0x0000020c83db3060, 0x0000020c83db3360]
Event: 4.625 Thread 0x0000020cfedcb370 1324       3       java.lang.System$2::protectionDomain (5 bytes)
Event: 4.625 Thread 0x0000020cfedcb370 nmethod 1324 0x0000020c83db3510 code [0x0000020c83db36c0, 0x0000020c83db3800]
Event: 4.627 Thread 0x0000020cfedcb370 1326       3       java.lang.Module::isExported (18 bytes)
Event: 4.627 Thread 0x0000020cfedcb370 nmethod 1326 0x0000020c83db3910 code [0x0000020c83db3b00, 0x0000020c83db3ef8]
Event: 4.631 Thread 0x0000020cfedcb370 1328       3       java.security.CodeSource::<init> (52 bytes)
Event: 4.631 Thread 0x0000020cfedcb370 nmethod 1328 0x0000020c83db4090 code [0x0000020c83db4280, 0x0000020c83db47a0]
Event: 4.631 Thread 0x0000020cfedcb370 1329       3       java.security.SecureClassLoader::defineClass (16 bytes)
Event: 4.631 Thread 0x0000020cfedcb370 nmethod 1329 0x0000020c83db4910 code [0x0000020c83db4ac0, 0x0000020c83db4c68]
Event: 5.201 Thread 0x0000020cfedcb370 1330       3       java.util.concurrent.locks.ReentrantLock$Sync::isHeldExclusively (16 bytes)

GC Heap History (2 events):
Event: 3.361 GC heap before
{Heap before GC invocations=0 (full 0):
 garbage-first heap   total 126976K, used 25600K [0x0000000084000000, 0x0000000100000000)
  region size 1024K, 23 young (23552K), 0 survivors (0K)
 Metaspace       used 3499K, committed 3648K, reserved 1114112K
  class space    used 368K, committed 448K, reserved 1048576K
}
Event: 3.372 GC heap after
{Heap after GC invocations=1 (full 0):
 garbage-first heap   total 126976K, used 9984K [0x0000000084000000, 0x0000000100000000)
  region size 1024K, 3 young (3072K), 3 survivors (3072K)
 Metaspace       used 3499K, committed 3648K, reserved 1114112K
  class space    used 368K, committed 448K, reserved 1048576K
}

Dll operation events (3 events):
Event: 0.015 Loaded shared library C:\Users\Admin\.jdks\jbr-21.0.7\bin\java.dll
Event: 0.086 Loaded shared library C:\Users\Admin\.jdks\jbr-21.0.7\bin\jsvml.dll
Event: 0.342 Loaded shared library C:\Users\Admin\.jdks\jbr-21.0.7\bin\zip.dll

Deoptimization events (20 events):
Event: 1.183 Thread 0x0000020cfb42f3b0 DEOPT PACKING pc=0x0000020c83bf5ac9 sp=0x000000daa98fa090
Event: 1.183 Thread 0x0000020cfb42f3b0 DEOPT UNPACKING pc=0x0000020c8b0d88e2 sp=0x000000daa98f9500 mode 0
Event: 2.335 Thread 0x0000020cfb42f3b0 DEOPT PACKING pc=0x0000020c83beb9c3 sp=0x000000daa98f9950
Event: 2.335 Thread 0x0000020cfb42f3b0 DEOPT UNPACKING pc=0x0000020c8b0d88e2 sp=0x000000daa98f8dc8 mode 0
Event: 3.465 Thread 0x0000020cfb42f3b0 Uncommon trap: trap_request=0xffffffde fr.pc=0x0000020c8b68ca58 relative=0x0000000000000c58
Event: 3.465 Thread 0x0000020cfb42f3b0 Uncommon trap: reason=class_check action=maybe_recompile pc=0x0000020c8b68ca58 method=java.util.HashMap.putVal(ILjava/lang/Object;Ljava/lang/Object;ZZ)Ljava/lang/Object; @ 91 c2
Event: 3.465 Thread 0x0000020cfb42f3b0 DEOPT PACKING pc=0x0000020c8b68ca58 sp=0x000000daa98fd4e0
Event: 3.465 Thread 0x0000020cfb42f3b0 DEOPT UNPACKING pc=0x0000020c8b0d7da2 sp=0x000000daa98fd4a0 mode 2
Event: 3.466 Thread 0x0000020cfb42f3b0 Uncommon trap: trap_request=0xffffffde fr.pc=0x0000020c8b68ca58 relative=0x0000000000000c58
Event: 3.466 Thread 0x0000020cfb42f3b0 Uncommon trap: reason=class_check action=maybe_recompile pc=0x0000020c8b68ca58 method=java.util.HashMap.putVal(ILjava/lang/Object;Ljava/lang/Object;ZZ)Ljava/lang/Object; @ 91 c2
Event: 3.466 Thread 0x0000020cfb42f3b0 DEOPT PACKING pc=0x0000020c8b68ca58 sp=0x000000daa98fd4e0
Event: 3.466 Thread 0x0000020cfb42f3b0 DEOPT UNPACKING pc=0x0000020c8b0d7da2 sp=0x000000daa98fd4a0 mode 2
Event: 3.469 Thread 0x0000020cfb42f3b0 Uncommon trap: trap_request=0xffffffde fr.pc=0x0000020c8b68ca58 relative=0x0000000000000c58
Event: 3.469 Thread 0x0000020cfb42f3b0 Uncommon trap: reason=class_check action=maybe_recompile pc=0x0000020c8b68ca58 method=java.util.HashMap.putVal(ILjava/lang/Object;Ljava/lang/Object;ZZ)Ljava/lang/Object; @ 91 c2
Event: 3.469 Thread 0x0000020cfb42f3b0 DEOPT PACKING pc=0x0000020c8b68ca58 sp=0x000000daa98fd480
Event: 3.469 Thread 0x0000020cfb42f3b0 DEOPT UNPACKING pc=0x0000020c8b0d7da2 sp=0x000000daa98fd440 mode 2
Event: 3.469 Thread 0x0000020cfb42f3b0 Uncommon trap: trap_request=0xffffffde fr.pc=0x0000020c8b68ca58 relative=0x0000000000000c58
Event: 3.469 Thread 0x0000020cfb42f3b0 Uncommon trap: reason=class_check action=maybe_recompile pc=0x0000020c8b68ca58 method=java.util.HashMap.putVal(ILjava/lang/Object;Ljava/lang/Object;ZZ)Ljava/lang/Object; @ 91 c2
Event: 3.469 Thread 0x0000020cfb42f3b0 DEOPT PACKING pc=0x0000020c8b68ca58 sp=0x000000daa98fd480
Event: 3.469 Thread 0x0000020cfb42f3b0 DEOPT UNPACKING pc=0x0000020c8b0d7da2 sp=0x000000daa98fd440 mode 2

Classes loaded (20 events):
Event: 0.395 Loading class sun/management/Util
Event: 0.395 Loading class sun/management/Util done
Event: 0.395 Loading class java/lang/management/ManagementPermission
Event: 0.395 Loading class java/lang/management/ManagementPermission done
Event: 0.606 Loading class java/nio/channels/AsynchronousByteChannel
Event: 0.606 Loading class java/nio/channels/AsynchronousByteChannel done
Event: 0.619 Loading class java/nio/channels/NonReadableChannelException
Event: 0.619 Loading class java/nio/channels/NonReadableChannelException done
Event: 0.747 Loading class sun/util/resources/LocaleData$CommonResourceBundleProvider
Event: 0.747 Loading class sun/util/resources/LocaleData$LocaleDataResourceBundleProvider
Event: 0.747 Loading class java/util/spi/ResourceBundleProvider
Event: 0.747 Loading class java/util/spi/ResourceBundleProvider done
Event: 0.747 Loading class sun/util/resources/LocaleData$LocaleDataResourceBundleProvider done
Event: 0.747 Loading class sun/util/resources/LocaleData$CommonResourceBundleProvider done
Event: 0.748 Loading class sun/util/resources/Bundles$2
Event: 0.748 Loading class sun/util/resources/Bundles$2 done
Event: 3.395 Loading class java/lang/annotation/Repeatable
Event: 3.395 Loading class java/lang/annotation/Repeatable done
Event: 3.562 Loading class java/util/ArrayDeque$DeqSpliterator
Event: 3.562 Loading class java/util/ArrayDeque$DeqSpliterator done

Classes unloaded (0 events):
No events

Classes redefined (0 events):
No events

Internal exceptions (20 events):
Event: 1.121 Thread 0x0000020cfb42f3b0 Exception <a 'java/lang/NoSuchMethodError'{0x000000008a99c9a8}: 'void java.lang.invoke.DirectMethodHandle$Holder.invokeSpecial(java.lang.Object, java.lang.Object, java.lang.Object)'> (0x000000008a99c9a8) 
thrown [s\src\hotspot\share\interpreter\linkResolver.cpp, line 784]
Event: 2.219 Thread 0x0000020cfb42f3b0 Exception <a 'java/lang/NoSuchMethodError'{0x000000008a8f3298}: 'int java.lang.invoke.DirectMethodHandle$Holder.invokeSpecialIFC(java.lang.Object, java.lang.Object, java.lang.Object, java.lang.Object)'> (0x000000008a8f3298) 
thrown [s\src\hotspot\share\interpreter\linkResolver.cpp, line 784]
Event: 2.251 Thread 0x0000020cfb42f3b0 Exception <a 'java/lang/NoSuchMethodError'{0x000000008a7a3700}: 'void java.lang.invoke.DirectMethodHandle$Holder.invokeInterface(java.lang.Object, java.lang.Object)'> (0x000000008a7a3700) 
thrown [s\src\hotspot\share\interpreter\linkResolver.cpp, line 784]
Event: 2.252 Thread 0x0000020cfb42f3b0 Exception <a 'java/lang/IncompatibleClassChangeError'{0x000000008a7a6bd0}: Found class java.lang.Object, but interface was expected> (0x000000008a7a6bd0) 
thrown [s\src\hotspot\share\interpreter\linkResolver.cpp, line 851]
Event: 2.308 Thread 0x0000020cfb42f3b0 Exception <a 'java/lang/NoSuchMethodError'{0x000000008a6e7c28}: 'java.lang.Object java.lang.invoke.DirectMethodHandle$Holder.newInvokeSpecial(java.lang.Object, java.lang.Object, java.lang.Object, java.lang.Object, java.lang.Object)'> (0x000000008a6e7c28) 
thrown [s\src\hotspot\share\interpreter\linkResolver.cpp, line 784]
Event: 3.423 Thread 0x0000020cfb42f3b0 Exception <a 'java/lang/NoSuchMethodError'{0x000000008ba80110}: 'java.lang.Object java.lang.invoke.DirectMethodHandle$Holder.invokeSpecialIFC(java.lang.Object, java.lang.Object, java.lang.Object, java.lang.Object)'> (0x000000008ba80110) 
thrown [s\src\hotspot\share\interpreter\linkResolver.cpp, line 784]
Event: 3.442 Thread 0x0000020cfb42f3b0 Exception <a 'java/lang/NoSuchMethodError'{0x000000008baf8660}: 'void java.lang.invoke.DirectMethodHandle$Holder.invokeInterface(java.lang.Object, java.lang.Object, java.lang.Object)'> (0x000000008baf8660) 
thrown [s\src\hotspot\share\interpreter\linkResolver.cpp, line 784]
Event: 3.453 Thread 0x0000020cfb42f3b0 Exception <a 'java/lang/NoSuchMethodError'{0x000000008b950cd0}: 'java.lang.Object java.lang.invoke.DirectMethodHandle$Holder.newInvokeSpecial(java.lang.Object, java.lang.Object, java.lang.Object, java.lang.Object, java.lang.Object, java.lang.Object)'> (0x000000008b950cd0) 
thrown [s\src\hotspot\share\interpreter\linkResolver.cpp, line 784]
Event: 3.463 Thread 0x0000020cfb42f3b0 Exception <a 'java/lang/NoSuchMethodError'{0x000000008b99b630}: 'void java.lang.invoke.DirectMethodHandle$Holder.invokeInterface(java.lang.Object, java.lang.Object, java.lang.Object, java.lang.Object, java.lang.Object)'> (0x000000008b99b630) 
thrown [s\src\hotspot\share\interpreter\linkResolver.cpp, line 784]
Event: 3.463 Thread 0x0000020cfb42f3b0 Exception <a 'java/lang/IncompatibleClassChangeError'{0x000000008b99f2f0}: Found class java.lang.Object, but interface was expected> (0x000000008b99f2f0) 
thrown [s\src\hotspot\share\interpreter\linkResolver.cpp, line 851]
Event: 3.471 Thread 0x0000020cfb42f3b0 Exception <a 'java/lang/IncompatibleClassChangeError'{0x000000008b9fd8a0}: Found class java.lang.Object, but interface was expected> (0x000000008b9fd8a0) 
thrown [s\src\hotspot\share\interpreter\linkResolver.cpp, line 851]
Event: 3.488 Thread 0x0000020cfb42f3b0 Exception <a 'java/lang/NoSuchMethodError'{0x000000008b85f750}: 'void java.lang.invoke.DirectMethodHandle$Holder.invokeSpecial(java.lang.Object, java.lang.Object, java.lang.Object, java.lang.Object, java.lang.Object)'> (0x000000008b85f750) 
thrown [s\src\hotspot\share\interpreter\linkResolver.cpp, line 784]
Event: 3.505 Thread 0x0000020cfb42f3b0 Exception <a 'java/lang/NoSuchMethodError'{0x000000008b8c0988}: 'long java.lang.invoke.DirectMethodHandle$Holder.invokeSpecial(java.lang.Object, java.lang.Object)'> (0x000000008b8c0988) 
thrown [s\src\hotspot\share\interpreter\linkResolver.cpp, line 784]
Event: 3.505 Thread 0x0000020cfb42f3b0 Exception <a 'java/lang/NoSuchMethodError'{0x000000008b8c3ed8}: 'long java.lang.invoke.Invokers$Holder.invokeExact_MT(java.lang.Object, java.lang.Object)'> (0x000000008b8c3ed8) 
thrown [s\src\hotspot\share\interpreter\linkResolver.cpp, line 784]
Event: 3.526 Thread 0x0000020cfb42f3b0 Exception <a 'java/lang/NoSuchMethodError'{0x000000008b720e48}: 'void java.lang.invoke.DirectMethodHandle$Holder.invokeInterface(java.lang.Object, java.lang.Object, java.lang.Object, java.lang.Object)'> (0x000000008b720e48) 
thrown [s\src\hotspot\share\interpreter\linkResolver.cpp, line 784]
Event: 3.526 Thread 0x0000020cfb42f3b0 Exception <a 'java/lang/IncompatibleClassChangeError'{0x000000008b724760}: Found class java.lang.Object, but interface was expected> (0x000000008b724760) 
thrown [s\src\hotspot\share\interpreter\linkResolver.cpp, line 851]
Event: 3.532 Thread 0x0000020cfb42f3b0 Exception <a 'java/lang/NoSuchMethodError'{0x000000008b748d30}: 'void java.lang.invoke.DirectMethodHandle$Holder.invokeStatic(java.lang.Object, java.lang.Object, java.lang.Object, java.lang.Object)'> (0x000000008b748d30) 
thrown [s\src\hotspot\share\interpreter\linkResolver.cpp, line 784]
Event: 3.553 Thread 0x0000020cfb42f3b0 Exception <a 'java/lang/NoSuchMethodError'{0x000000008b7df698}: 'java.lang.Object java.lang.invoke.Invokers$Holder.invokeExact_MT(java.lang.Object, java.lang.Object, java.lang.Object, java.lang.Object, java.lang.Object, java.lang.Object)'> (0x000000008b7df698) 
thrown [s\src\hotspot\share\interpreter\linkResolver.cpp, line 784]
Event: 3.555 Thread 0x0000020cfb42f3b0 Exception <a 'java/lang/NoSuchMethodError'{0x000000008b7ed340}: 'int java.lang.invoke.DirectMethodHandle$Holder.invokeStatic(java.lang.Object, java.lang.Object, java.lang.Object, java.lang.Object, java.lang.Object)'> (0x000000008b7ed340) 
thrown [s\src\hotspot\share\interpreter\linkResolver.cpp, line 784]
Event: 4.612 Thread 0x0000020cfb42f3b0 Exception <a 'java/lang/NoSuchMethodError'{0x000000008b534b38}: 'void java.lang.invoke.DirectMethodHandle$Holder.invokeStaticInit(java.lang.Object, java.lang.Object, java.lang.Object, java.lang.Object)'> (0x000000008b534b38) 
thrown [s\src\hotspot\share\interpreter\linkResolver.cpp, line 784]

ZGC Phase Switch (0 events):
No events

VM Operations (20 events):
Event: 1.111 Executing VM operation: Cleanup
Event: 1.111 Executing VM operation: Cleanup done
Event: 1.112 Executing VM operation: HandshakeAllThreads (Deoptimize)
Event: 1.112 Executing VM operation: HandshakeAllThreads (Deoptimize) done
Event: 2.116 Executing VM operation: Cleanup
Event: 2.116 Executing VM operation: Cleanup done
Event: 2.281 Executing VM operation: HandshakeAllThreads (Deoptimize)
Event: 2.281 Executing VM operation: HandshakeAllThreads (Deoptimize) done
Event: 3.284 Executing VM operation: Cleanup
Event: 3.347 Executing VM operation: Cleanup done
Event: 3.360 Executing VM operation: G1CollectForAllocation (G1 Evacuation Pause)
Event: 3.372 Executing VM operation: G1CollectForAllocation (G1 Evacuation Pause) done
Event: 3.495 Executing VM operation: HandshakeAllThreads (Deoptimize)
Event: 3.495 Executing VM operation: HandshakeAllThreads (Deoptimize) done
Event: 3.503 Executing VM operation: HandshakeAllThreads (Deoptimize)
Event: 3.504 Executing VM operation: HandshakeAllThreads (Deoptimize) done
Event: 4.515 Executing VM operation: Cleanup
Event: 4.515 Executing VM operation: Cleanup done
Event: 5.525 Executing VM operation: Cleanup
Event: 5.525 Executing VM operation: Cleanup done

Memory protections (0 events):
No events

Nmethod flushes (0 events):
No events

Events (19 events):
Event: 0.054 Thread 0x0000020cfb42f3b0 Thread added: 0x0000020cfb42f3b0
Event: 0.080 Thread 0x0000020cfb42f3b0 Thread added: 0x0000020cfeda6880
Event: 0.082 Thread 0x0000020cfb42f3b0 Thread added: 0x0000020cfedb1f90
Event: 0.082 Thread 0x0000020cfb42f3b0 Thread added: 0x0000020cfedb29f0
Event: 0.083 Thread 0x0000020cfb42f3b0 Thread added: 0x0000020cfedb82a0
Event: 0.083 Thread 0x0000020cfb42f3b0 Thread added: 0x0000020cfedb92c0
Event: 0.083 Thread 0x0000020cfb42f3b0 Thread added: 0x0000020cfedbd520
Event: 0.083 Thread 0x0000020cfb42f3b0 Thread added: 0x0000020cfedc3790
Event: 0.083 Thread 0x0000020cfb42f3b0 Thread added: 0x0000020cfedc1740
Event: 0.083 Thread 0x0000020cfb42f3b0 Thread added: 0x0000020cfedcb370
Event: 0.112 Thread 0x0000020cfb42f3b0 Thread added: 0x0000020c96ca4b20
Event: 0.116 Loaded shared library C:\Users\Admin\.jdks\jbr-21.0.7\bin\net.dll
Event: 0.119 Loaded shared library C:\Users\Admin\.jdks\jbr-21.0.7\bin\nio.dll
Event: 0.128 Loaded shared library C:\Users\Admin\.jdks\jbr-21.0.7\bin\zip.dll
Event: 0.353 Loaded shared library C:\Users\Admin\.jdks\jbr-21.0.7\bin\management.dll
Event: 0.371 Loaded shared library C:\Users\Admin\.jdks\jbr-21.0.7\bin\management_ext.dll
Event: 0.407 Loaded shared library C:\Users\Admin\.jdks\jbr-21.0.7\bin\jimage.dll
Event: 0.612 Thread 0x0000020cfb42f3b0 Thread added: 0x0000020cdd16fcd0
Event: 0.629 Thread 0x0000020cfb42f3b0 Thread added: 0x0000020cdd07dfc0


Dynamic libraries:
0x00007ff7ffda0000 - 0x00007ff7ffdaa000 	C:\Users\Admin\.jdks\jbr-21.0.7\bin\java.exe
0x00007ffb03d40000 - 0x00007ffb03fa7000 	C:\WINDOWS\SYSTEM32\ntdll.dll
0x00007ffb02280000 - 0x00007ffb02349000 	C:\WINDOWS\System32\KERNEL32.DLL
0x00007ffb010c0000 - 0x00007ffb014af000 	C:\WINDOWS\System32\KERNELBASE.dll
0x00007ffb018d0000 - 0x00007ffb01a1b000 	C:\WINDOWS\System32\ucrtbase.dll
0x00007ffaea110000 - 0x00007ffaea128000 	C:\Users\Admin\.jdks\jbr-21.0.7\bin\jli.dll
0x00007ffb030b0000 - 0x00007ffb03275000 	C:\WINDOWS\System32\USER32.dll
0x00007ffafd6e0000 - 0x00007ffafd6fb000 	C:\Users\Admin\.jdks\jbr-21.0.7\bin\VCRUNTIME140.dll
0x00007ffae3d00000 - 0x00007ffae3f93000 	C:\WINDOWS\WinSxS\amd64_microsoft.windows.common-controls_6595b64144ccf1df_6.0.26100.7309_none_3e05feeae336a044\COMCTL32.dll
0x00007ffb01e50000 - 0x00007ffb01ef9000 	C:\WINDOWS\System32\msvcrt.dll
0x00007ffb02350000 - 0x00007ffb0237b000 	C:\WINDOWS\System32\GDI32.dll
0x00007ffb014c0000 - 0x00007ffb014e7000 	C:\WINDOWS\System32\win32u.dll
0x00007ffb01630000 - 0x00007ffb0175c000 	C:\WINDOWS\System32\gdi32full.dll
0x00007ffb01580000 - 0x00007ffb01623000 	C:\WINDOWS\System32\msvcp_win.dll
0x00007ffb03b20000 - 0x00007ffb03b51000 	C:\WINDOWS\System32\IMM32.DLL
0x00007ffafd6d0000 - 0x00007ffafd6dc000 	C:\Users\Admin\.jdks\jbr-21.0.7\bin\vcruntime140_1.dll
0x00007ffacc450000 - 0x00007ffacc4dd000 	C:\Users\Admin\.jdks\jbr-21.0.7\bin\msvcp140.dll
0x00007ffa94f80000 - 0x00007ffa95d44000 	C:\Users\Admin\.jdks\jbr-21.0.7\bin\server\jvm.dll
0x00007ffb02f20000 - 0x00007ffb02fd4000 	C:\WINDOWS\System32\ADVAPI32.dll
0x00007ffb03390000 - 0x00007ffb03436000 	C:\WINDOWS\System32\sechost.dll
0x00007ffb020e0000 - 0x00007ffb021f8000 	C:\WINDOWS\System32\RPCRT4.dll
0x00007ffb01cd0000 - 0x00007ffb01d44000 	C:\WINDOWS\System32\WS2_32.dll
0x00007ffb00cf0000 - 0x00007ffb00d4e000 	C:\WINDOWS\SYSTEM32\POWRPROF.dll
0x00007ffaf5a60000 - 0x00007ffaf5a6b000 	C:\WINDOWS\SYSTEM32\VERSION.dll
0x00007ffaf5e40000 - 0x00007ffaf5e75000 	C:\WINDOWS\SYSTEM32\WINMM.dll
0x00007ffb00cd0000 - 0x00007ffb00ce4000 	C:\WINDOWS\SYSTEM32\UMPDC.dll
0x00007ffaffc40000 - 0x00007ffaffc5b000 	C:\WINDOWS\SYSTEM32\kernel.appcore.dll
0x00007ffaea4d0000 - 0x00007ffaea4da000 	C:\Users\Admin\.jdks\jbr-21.0.7\bin\jimage.dll
0x00007ffafe730000 - 0x00007ffafe972000 	C:\WINDOWS\SYSTEM32\DBGHELP.DLL
0x00007ffb02390000 - 0x00007ffb02715000 	C:\WINDOWS\System32\combase.dll
0x00007ffb03280000 - 0x00007ffb03356000 	C:\WINDOWS\System32\OLEAUT32.dll
0x00007ffae8d90000 - 0x00007ffae8dcc000 	C:\WINDOWS\SYSTEM32\dbgcore.DLL
0x00007ffb00e90000 - 0x00007ffb00f35000 	C:\WINDOWS\System32\bcryptPrimitives.dll
0x00007ffadd030000 - 0x00007ffadd050000 	C:\Users\Admin\.jdks\jbr-21.0.7\bin\java.dll
0x00007ffb027c0000 - 0x00007ffb02f13000 	C:\WINDOWS\System32\SHELL32.dll
0x00007ffb01760000 - 0x00007ffb018ca000 	C:\WINDOWS\System32\wintypes.dll
0x00007ffafea60000 - 0x00007ffaff2be000 	C:\WINDOWS\SYSTEM32\windows.storage.dll
0x00007ffb01d50000 - 0x00007ffb01e45000 	C:\WINDOWS\System32\SHCORE.dll
0x00007ffb01ae0000 - 0x00007ffb01b46000 	C:\WINDOWS\System32\shlwapi.dll
0x00007ffb00db0000 - 0x00007ffb00dd9000 	C:\WINDOWS\SYSTEM32\profapi.dll
0x00007ffac15d0000 - 0x00007ffac16a7000 	C:\Users\Admin\.jdks\jbr-21.0.7\bin\jsvml.dll
0x00007ffadd020000 - 0x00007ffadd030000 	C:\Users\Admin\.jdks\jbr-21.0.7\bin\net.dll
0x00007ffaf79a0000 - 0x00007ffaf7ac8000 	C:\WINDOWS\SYSTEM32\WINHTTP.dll
0x00007ffb001b0000 - 0x00007ffb0021b000 	C:\WINDOWS\system32\mswsock.dll
0x00007ffacc430000 - 0x00007ffacc446000 	C:\Users\Admin\.jdks\jbr-21.0.7\bin\nio.dll
0x00007ffacc410000 - 0x00007ffacc428000 	C:\Users\Admin\.jdks\jbr-21.0.7\bin\zip.dll
0x00007ffacc3e0000 - 0x00007ffacc3e9000 	C:\Users\Admin\.jdks\jbr-21.0.7\bin\management.dll
0x00007ffacc3d0000 - 0x00007ffacc3db000 	C:\Users\Admin\.jdks\jbr-21.0.7\bin\management_ext.dll
0x00007ffb03980000 - 0x00007ffb03988000 	C:\WINDOWS\System32\PSAPI.DLL
0x00007ffaeeaa0000 - 0x00007ffaeeab0000 	C:\Users\Admin\.jdks\jbr-21.0.7\bin\verify.dll

dbghelp: loaded successfully - version: 4.0.5 - missing functions: none
symbol engine: initialized successfully - sym options: 0x614 - pdb path: .;C:\Users\Admin\.jdks\jbr-21.0.7\bin;C:\WINDOWS\SYSTEM32;C:\WINDOWS\WinSxS\amd64_microsoft.windows.common-controls_6595b64144ccf1df_6.0.26100.7309_none_3e05feeae336a044;C:\Users\Admin\.jdks\jbr-21.0.7\bin\server

VM Arguments:
java_command: C:\Users\Admin\AppData\Local\Temp\surefire11696872036533316682\surefirebooter-20251225231846386_3.jar C:\Users\Admin\AppData\Local\Temp\surefire11696872036533316682 2025-12-25T23-18-45_806-jvmRun1 surefire-20251225231846386_1tmp surefire_0-20251225231846386_2tmp
java_class_path (initial): C:\Users\Admin\AppData\Local\Temp\surefire11696872036533316682\surefirebooter-20251225231846386_3.jar
Launcher Type: SUN_STANDARD

[Global flags]
     intx CICompilerCount                          = 4                                         {product} {ergonomic}
     uint ConcGCThreads                            = 2                                         {product} {ergonomic}
     uint G1ConcRefinementThreads                  = 8                                         {product} {ergonomic}
   size_t G1HeapRegionSize                         = 1048576                                   {product} {ergonomic}
    uintx GCDrainStackTargetSize                   = 64                                        {product} {ergonomic}
   size_t InitialHeapSize                          = 130023424                                 {product} {ergonomic}
   size_t MarkStackSize                            = 4194304                                   {product} {ergonomic}
   size_t MaxHeapSize                              = 2080374784                                {product} {ergonomic}
   size_t MaxNewSize                               = 1247805440                                {product} {ergonomic}
   size_t MinHeapDeltaBytes                        = 1048576                                   {product} {ergonomic}
   size_t MinHeapSize                              = 8388608                                   {product} {ergonomic}
    uintx NonNMethodCodeHeapSize                   = 5839372                                {pd product} {ergonomic}
    uintx NonProfiledCodeHeapSize                  = 122909434                              {pd product} {ergonomic}
    uintx ProfiledCodeHeapSize                     = 122909434                              {pd product} {ergonomic}
    uintx ReservedCodeCacheSize                    = 251658240                              {pd product} {ergonomic}
     bool SegmentedCodeCache                       = true                                      {product} {ergonomic}
   size_t SoftMaxHeapSize                          = 2080374784                             {manageable} {ergonomic}
     bool UseCompressedOops                        = true                           {product lp64_product} {ergonomic}
     bool UseG1GC                                  = true                                      {product} {ergonomic}
     bool UseLargePagesIndividualAllocation        = false                                  {pd product} {ergonomic}

Logging:
Log output configuration:
 #0: stdout all=warning uptime,level,tags foldmultilines=false
 #1: stderr all=off uptime,level,tags foldmultilines=false

Environment Variables:
PATH=C:\Program Files\Common Files\Oracle\Java\javapath;C:\WINDOWS\system32;C:\WINDOWS;C:\WINDOWS\System32\Wbem;C:\WINDOWS\System32\WindowsPowerShell\v1.0\;C:\WINDOWS\System32\OpenSSH\;C:\Program Files\apache-maven-3.9.10\bin;C:\Program Files\Git\cmd;C:\Program Files\nodejs\;C:\Program Files\Docker\Docker\resources\bin;C:\Program Files\MySQL\MySQL Shell 8.0\bin\;C:\Users\Admin\AppData\Local\Microsoft\WindowsApps;;C:\Program Files\JetBrains\IntelliJ IDEA Community Edition 2025.1.3\bin;;C:\Users\Admin\AppData\Local\Programs\Microsoft VS Code\bin;C:\Users\Admin\AppData\Roaming\npm
USERNAME=Admin
OS=Windows_NT
PROCESSOR_IDENTIFIER=Intel64 Family 6 Model 140 Stepping 2, GenuineIntel
TMP=C:\Users\Admin\AppData\Local\Temp
TEMP=C:\Users\Admin\AppData\Local\Temp




Periodic native trim disabled

JNI global refs:
JNI global refs: 9, weak refs: 0

JNI global refs memory usage: 835, weak refs: 201

Process memory usage:
Resident Set Size: 152160K (1% of 8125220K total physical memory with 1080776K free physical memory)

OOME stack traces (most recent first):
Classloader memory used:
Loader jdk.internal.loader.ClassLoaders$AppClassLoader                                 : 4045K
Loader bootstrap                                                                       : 1839K
Loader jdk.internal.loader.ClassLoaders$PlatformClassLoader                            : 25848B
Loader jdk.internal.reflect.DelegatingClassLoader                                      : 3472B

---------------  S Y S T E M  ---------------

OS:
 Windows 11 , 64 bit Build 26100 (10.0.26100.7309)
OS uptime: 5 days 14:27 hours
Hyper-V role detected

CPU: total 8 (initial active 8) (4 cores per cpu, 2 threads per core) family 6 model 140 stepping 2 microcode 0x16, cx8, cmov, fxsr, ht, mmx, 3dnowpref, sse, sse2, sse3, ssse3, sse4.1, sse4.2, popcnt, lzcnt, tsc, tscinvbit, avx, avx2, aes, erms, clmul, bmi1, bmi2, adx, avx512f, avx512dq, avx512cd, avx512bw, avx512vl, sha, fma, vzeroupper, avx512_vpopcntdq, avx512_vpclmulqdq, avx512_vaes, avx512_vnni, clflush, clflushopt, clwb, avx512_vbmi2, avx512_vbmi, hv, rdtscp, rdpid, fsrm, gfni, avx512_bitalg, f16c, cet_ibt, cet_ss, avx512_ifma
Processor Information for processor 0
  Max Mhz: 2496, Current Mhz: 998, Mhz Limit: 2496
Processor Information for processor 1
  Max Mhz: 2496, Current Mhz: 2496, Mhz Limit: 2496
Processor Information for processor 2
  Max Mhz: 2496, Current Mhz: 2496, Mhz Limit: 2496
Processor Information for processor 3
  Max Mhz: 2496, Current Mhz: 2496, Mhz Limit: 2496
Processor Information for processor 4
  Max Mhz: 2496, Current Mhz: 2496, Mhz Limit: 2496
Processor Information for processor 5
  Max Mhz: 2496, Current Mhz: 2496, Mhz Limit: 2496
Processor Information for processor 6
  Max Mhz: 2496, Current Mhz: 2496, Mhz Limit: 2496
Processor Information for processor 7
  Max Mhz: 2496, Current Mhz: 998, Mhz Limit: 2496

Memory: 4k page, system-wide physical 7934M (1080M free)
TotalPageFile size 32510M (AvailPageFile size 33M)
current process WorkingSet (physical memory assigned to process): 148M, peak: 148M
current process commit charge ("private bytes"): 282M, peak: 283M

vm_info: OpenJDK 64-Bit Server VM (21.0.7+6-b1038.58) for windows-amd64 JRE (21.0.7+6-b1038.58), built on 2025-07-07 by "builduser" with MS VC++ 16.10 / 16.11 (VS2019)

END.
